C:\USERS\I311528\DOCUMENTS\VISUAL STUDIO 2012\PROJECTS\CLIPBOARD\CLIPBOARD\DEBUG\CLIPBOARD.PCH
C:\USERS\I311528\DOCUMENTS\VISUAL STUDIO 2012\PROJECTS\CLIPBOARD\CLIPBOARD\DEBUG\STDAFX.OBJ
C:\USERS\I311528\DOCUMENTS\VISUAL STUDIO 2012\PROJECTS\CLIPBOARD\CLIPBOARD\DEBUG\VC110.PDB
C:\USERS\I311528\DOCUMENTS\VISUAL STUDIO 2012\PROJECTS\CLIPBOARD\CLIPBOARD\DEBUG\CLIPBOARD.OBJ
C:\USERS\I311528\DOCUMENTS\GITREPOSITORY\CLIPBOARD\CLIPBOARD\DEBUG\CLIPBOARD.PCH
C:\USERS\I311528\DOCUMENTS\GITREPOSITORY\CLIPBOARD\CLIPBOARD\DEBUG\STDAFX.OBJ
C:\USERS\I311528\DOCUMENTS\GITREPOSITORY\CLIPBOARD\CLIPBOARD\DEBUG\VC110.PDB
C:\USERS\I311528\DOCUMENTS\GITREPOSITORY\CLIPBOARD\CLIPBOARD\DEBUG\CLIPBOARD.OBJ
C:\USERS\I311528\DOCUMENTS\VISUAL STUDIO 2012\PROJECTS\CLIPBOARD\DEBUG\CLIPBOARD.ILK
C:\USERS\I311528\DOCUMENTS\VISUAL STUDIO 2012\PROJECTS\CLIPBOARD\DEBUG\CLIPBOARD.EXE
C:\USERS\I311528\DOCUMENTS\VISUAL STUDIO 2012\PROJECTS\CLIPBOARD\DEBUG\CLIPBOARD.PDB
C:\USERS\I311528\DOCUMENTS\GITREPOSITORY\CLIPBOARD\DEBUG\CLIPBOARD.ILK
C:\USERS\I311528\DOCUMENTS\GITREPOSITORY\CLIPBOARD\DEBUG\CLIPBOARD.EXE
C:\USERS\I311528\DOCUMENTS\GITREPOSITORY\CLIPBOARD\DEBUG\CLIPBOARD.PDB
C:\Users\I311528\Documents\GitRepository\Clipboard\Clipboard\Debug\Clipboard.obj
C:\Users\I311528\Documents\GitRepository\Clipboard\Clipboard\Debug\stdafx.obj
C:\Users\I311528\Documents\GitRepository\Clipboard\Clipboard\Debug\cl.command.1.tlog
C:\Users\I311528\Documents\GitRepository\Clipboard\Clipboard\Debug\CL.read.1.tlog
C:\Users\I311528\Documents\GitRepository\Clipboard\Clipboard\Debug\CL.write.1.tlog
C:\Users\I311528\Documents\GitRepository\Clipboard\Clipboard\Debug\link-cvtres.read.1.tlog
C:\Users\I311528\Documents\GitRepository\Clipboard\Clipboard\Debug\link-cvtres.write.1.tlog
C:\Users\I311528\Documents\GitRepository\Clipboard\Clipboard\Debug\link-rc.read.1.tlog
C:\Users\I311528\Documents\GitRepository\Clipboard\Clipboard\Debug\link-rc.write.1.tlog
C:\Users\I311528\Documents\GitRepository\Clipboard\Clipboard\Debug\link.10164-cvtres.read.1.tlog
C:\Users\I311528\Documents\GitRepository\Clipboard\Clipboard\Debug\link.10164-cvtres.write.1.tlog
C:\Users\I311528\Documents\GitRepository\Clipboard\Clipboard\Debug\link.10164-rc.read.1.tlog
C:\Users\I311528\Documents\GitRepository\Clipboard\Clipboard\Debug\link.10164-rc.write.1.tlog
C:\Users\I311528\Documents\GitRepository\Clipboard\Clipboard\Debug\link.10164.read.1.tlog
C:\Users\I311528\Documents\GitRepository\Clipboard\Clipboard\Debug\link.10164.write.1.tlog
C:\Users\I311528\Documents\GitRepository\Clipboard\Clipboard\Debug\link.10196-cvtres.read.1.tlog
C:\Users\I311528\Documents\GitRepository\Clipboard\Clipboard\Debug\link.10196-cvtres.write.1.tlog
C:\Users\I311528\Documents\GitRepository\Clipboard\Clipboard\Debug\link.10196-rc.read.1.tlog
C:\Users\I311528\Documents\GitRepository\Clipboard\Clipboard\Debug\link.10196-rc.write.1.tlog
C:\Users\I311528\Documents\GitRepository\Clipboard\Clipboard\Debug\link.10196.read.1.tlog
C:\Users\I311528\Documents\GitRepository\Clipboard\Clipboard\Debug\link.10196.write.1.tlog
C:\Users\I311528\Documents\GitRepository\Clipboard\Clipboard\Debug\link.1324-cvtres.read.1.tlog
C:\Users\I311528\Documents\GitRepository\Clipboard\Clipboard\Debug\link.1324-cvtres.write.1.tlog
C:\Users\I311528\Documents\GitRepository\Clipboard\Clipboard\Debug\link.1324-rc.read.1.tlog
C:\Users\I311528\Documents\GitRepository\Clipboard\Clipboard\Debug\link.1324-rc.write.1.tlog
C:\Users\I311528\Documents\GitRepository\Clipboard\Clipboard\Debug\link.1324.read.1.tlog
C:\Users\I311528\Documents\GitRepository\Clipboard\Clipboard\Debug\link.1324.write.1.tlog
C:\Users\I311528\Documents\GitRepository\Clipboard\Clipboard\Debug\link.2976-cvtres.read.1.tlog
C:\Users\I311528\Documents\GitRepository\Clipboard\Clipboard\Debug\link.2976-cvtres.write.1.tlog
C:\Users\I311528\Documents\GitRepository\Clipboard\Clipboard\Debug\link.2976-rc.read.1.tlog
C:\Users\I311528\Documents\GitRepository\Clipboard\Clipboard\Debug\link.2976-rc.write.1.tlog
C:\Users\I311528\Documents\GitRepository\Clipboard\Clipboard\Debug\link.2976.read.1.tlog
C:\Users\I311528\Documents\GitRepository\Clipboard\Clipboard\Debug\link.2976.write.1.tlog
C:\Users\I311528\Documents\GitRepository\Clipboard\Clipboard\Debug\link.5528-cvtres.read.1.tlog
C:\Users\I311528\Documents\GitRepository\Clipboard\Clipboard\Debug\link.5528-cvtres.write.1.tlog
C:\Users\I311528\Documents\GitRepository\Clipboard\Clipboard\Debug\link.5528-rc.read.1.tlog
C:\Users\I311528\Documents\GitRepository\Clipboard\Clipboard\Debug\link.5528-rc.write.1.tlog
C:\Users\I311528\Documents\GitRepository\Clipboard\Clipboard\Debug\link.5528.read.1.tlog
C:\Users\I311528\Documents\GitRepository\Clipboard\Clipboard\Debug\link.5528.write.1.tlog
C:\Users\I311528\Documents\GitRepository\Clipboard\Clipboard\Debug\link.9496-cvtres.read.1.tlog
C:\Users\I311528\Documents\GitRepository\Clipboard\Clipboard\Debug\link.9496-cvtres.write.1.tlog
C:\Users\I311528\Documents\GitRepository\Clipboard\Clipboard\Debug\link.9496-rc.read.1.tlog
C:\Users\I311528\Documents\GitRepository\Clipboard\Clipboard\Debug\link.9496-rc.write.1.tlog
C:\Users\I311528\Documents\GitRepository\Clipboard\Clipboard\Debug\link.9496.read.1.tlog
C:\Users\I311528\Documents\GitRepository\Clipboard\Clipboard\Debug\link.9496.write.1.tlog
C:\Users\I311528\Documents\GitRepository\Clipboard\Clipboard\Debug\link.command.1.tlog
C:\Users\I311528\Documents\GitRepository\Clipboard\Clipboard\Debug\link.read.1.tlog
C:\Users\I311528\Documents\GitRepository\Clipboard\Clipboard\Debug\link.write.1.tlog
C:\Users\I311528\Documents\GitRepository\Clipboard\Clipboard\Debug\Clipboard.pch
C:\Users\I311528\Documents\GitRepository\Clipboard\Clipboard\Debug\vc110.idb
C:\Users\I311528\Documents\GitRepository\Clipboard\Clipboard\Debug\vc110.pdb
C:\Users\I311528\Documents\GitRepository\Clipboard\Debug\Clipboard.pdb
C:\Users\I311528\Documents\GitRepository\Clipboard\Debug\Clipboard.exe
C:\Users\I311528\Documents\GitRepository\Clipboard\Debug\Clipboard.ilk
